Unity Editor version:    2020.3.27f1 (e759542391ea)
Branch:                  2020.3/release
Build type:              Release
Batch mode:              YES
macOS version:           Version 11.6.8 (Build 20G730)
Darwin version:          20.6.0
Architecture:            x86_64
Running under Rosetta:   NO
Available memory:        16384 MB
Using pre-set license
Pro License: NO

COMMAND LINE ARGUMENTS:
/Applications/2020.3.27f1/Unity.app/Contents/MacOS/Unity
-adb2
-batchMode
-noUpm
-name
AssetImportWorker0
-projectPath
/Users/game12/My project
-logFile
Logs/AssetImportWorker0.log
-srvPort
56146
Successfully changed project path to: /Users/game12/My project
/Users/game12/My project
Using Asset Import Pipeline V2.
Refreshing native plugins compatible for Editor in 40.84 ms, found 3 plugins.
Preloading 0 native plugins for Editor in 0.00 ms.
Initialize engine version: 2020.3.27f1 (e759542391ea)
[Subsystems] Discovering subsystems at path /Applications/2020.3.27f1/Unity.app/Contents/Resources/UnitySubsystems
[Subsystems] Discovering subsystems at path /Users/game12/My project/Assets
GfxDevice: creating device client; threaded=0
2024-11-06 14:12:14.728 Unity[40771:981628] iMac preferred device: AMD Radeon Pro 5500 XT (high power)
2024-11-06 14:12:14.728 Unity[40771:981628] Metal devices available: 1
2024-11-06 14:12:14.728 Unity[40771:981628] 0: AMD Radeon Pro 5500 XT (high power)
2024-11-06 14:12:14.728 Unity[40771:981628] Using device AMD Radeon Pro 5500 XT (high power)
Initializing Metal device caps: AMD Radeon Pro 5500 XT
Initialize mono
Mono path[0] = '/Applications/2020.3.27f1/Unity.app/Contents/Managed'
Mono path[1] = '/Applications/2020.3.27f1/Unity.app/Contents/MonoBleedingEdge/lib/mono/unityjit'
Mono config path = '/Applications/2020.3.27f1/Unity.app/Contents/MonoBleedingEdge/etc'
Using monoOptions --debugger-agent=transport=dt_socket,embedding=1,server=y,suspend=n,address=127.0.0.1:56771
Begin MonoManager ReloadAssembly
Registering precompiled unity dll's ...
Register platform support module: /Applications/2020.3.27f1/Unity.app/Contents/PlaybackEngines/MacStandaloneSupport/UnityEditor.OSXStandalone.Extensions.dll
Registered in 0.000428 seconds.
Native extension for OSXStandalone target not found
Refreshing native plugins compatible for Editor in 40.92 ms, found 3 plugins.
Preloading 0 native plugins for Editor in 0.00 ms.
Mono: successfully reloaded assembly
- Completed reload, in  0.524 seconds
Domain Reload Profiling:
	ReloadAssembly (524ms)
		BeginReloadAssembly (36ms)
			ExecutionOrderSort (0ms)
			DisableScriptedObjects (0ms)
			BackupInstance (0ms)
			ReleaseScriptingObjects (0ms)
			CreateAndSetChildDomain (1ms)
		EndReloadAssembly (424ms)
			LoadAssemblies (35ms)
			RebuildTransferFunctionScriptingTraits (0ms)
			SetupTypeCache (153ms)
			ReleaseScriptCaches (0ms)
			RebuildScriptCaches (32ms)
			SetupLoadedEditorAssemblies (167ms)
				LogAssemblyErrors (0ms)
				InitializePlatformSupportModulesInManaged (4ms)
				SetLoadedEditorAssemblies (0ms)
				RefreshPlugins (41ms)
				BeforeProcessingInitializeOnLoad (7ms)
				ProcessInitializeOnLoadAttributes (90ms)
				ProcessInitializeOnLoadMethodAttributes (25ms)
				AfterProcessingInitializeOnLoad (0ms)
				EditorAssembliesLoaded (0ms)
			ExecutionOrderSort2 (0ms)
			AwakeInstancesAfterBackupRestoration (0ms)
Platform modules already initialized, skipping
Registering precompiled user dll's ...
Registered in 0.001545 seconds.
Begin MonoManager ReloadAssembly
Native extension for OSXStandalone target not found
Refreshing native plugins compatible for Editor in 41.25 ms, found 3 plugins.
Preloading 0 native plugins for Editor in 0.00 ms.
Mono: successfully reloaded assembly
- Completed reload, in  1.067 seconds
Domain Reload Profiling:
	ReloadAssembly (1068ms)
		BeginReloadAssembly (130ms)
			ExecutionOrderSort (0ms)
			DisableScriptedObjects (4ms)
			BackupInstance (0ms)
			ReleaseScriptingObjects (0ms)
			CreateAndSetChildDomain (26ms)
		EndReloadAssembly (884ms)
			LoadAssemblies (63ms)
			RebuildTransferFunctionScriptingTraits (0ms)
			SetupTypeCache (317ms)
			ReleaseScriptCaches (0ms)
			RebuildScriptCaches (52ms)
			SetupLoadedEditorAssemblies (340ms)
				LogAssemblyErrors (0ms)
				InitializePlatformSupportModulesInManaged (3ms)
				SetLoadedEditorAssemblies (0ms)
				RefreshPlugins (41ms)
				BeforeProcessingInitializeOnLoad (52ms)
				ProcessInitializeOnLoadAttributes (228ms)
				ProcessInitializeOnLoadMethodAttributes (14ms)
				AfterProcessingInitializeOnLoad (1ms)
				EditorAssembliesLoaded (0ms)
			ExecutionOrderSort2 (0ms)
			AwakeInstancesAfterBackupRestoration (6ms)
Platform modules already initialized, skipping
Validating Project structure ... 0.003804 seconds.
Shader import version has changed; will reimport all shaders...
Upgrading shader files ...0.004202 seconds.
Application.AssetDatabase Initial Script Refresh Start
RefreshInfo: InitialScriptRefreshV2(NoUpdateAssetOptions) scanfilter:  ... 1 filters
RefreshProfiler: Total: 0.000ms
Application.AssetDatabase Initial Script Refresh End
Application.AssetDatabase.Refresh Start
Application.AssetDatabase.Refresh End
RefreshInfo: StopAssetImportingV2(ForceSynchronousImport) scanfilter: 
RefreshProfiler: Total: 0.000ms
Launching external process: /Applications/2020.3.27f1/Unity.app/Contents/Tools/UnityShaderCompiler
Launched and connected shader compiler UnityShaderCompiler after 0.01 seconds
Initializing Unity extensions:
========================================================================
Worker process is ready to serve import requests
Refreshing native plugins compatible for Editor in 0.37 ms, found 3 plugins.
Preloading 0 native plugins for Editor in 0.00 ms.
Unloading 2537 Unused Serialized files (Serialized files now loaded: 0)
System memory in use before: 229.7 MB.
System memory in use after: 228.9 MB.

Unloading 116 unused Assets to reduce memory usage. Loaded Objects now: 3010.
Total: 2.953856 ms (FindLiveObjects: 0.180668 ms CreateObjectMapping: 0.099699 ms MarkObjects: 2.291591 ms  DeleteObjects: 0.381298 ms)

AssetImportParameters requested are different than current active one (requested -> active):
  custom:video-decoder-ogg-theora: a1e56fd34408186e4bbccfd4996cb3dc -> 
  custom:container-muxer-webm: aa71ff27fc2769a1b78a27578f13a17b -> 
  custom:container-demuxer-webm: 4f35f7cbe854078d1ac9338744f61a02 -> 
  custom:container-demuxer-ogg: 62fdf1f143b41e24485cea50d1cbac27 -> 
  custom:video-encoder-webm-vp8: eb34c28f22e8b96e1ab97ce403110664 -> 
  custom:framework-osx-AVFoundation: e770b220cccbd017edd2c1fefb359320 -> 
  custom:video-decoder-webm-vp8: 9c59270c3fd7afecdb556c50c9e8de78 -> 
  custom:audio-decoder-ogg-vorbis: bf7c407c2cedff20999df2af8eb42d56 -> 
  custom:audio-encoder-webm-vorbis: bf7c407c2cedff20999df2af8eb42d56 -> 
========================================================================
Received Import Request.
  path: Assets/UnityTechnologies/StarterAsset/Art/Tiles/FloorGrassToBricksSquare_0.asset
  artifactKey: Guid(7207364015a4f4dab836116c1933800a) Importer(815301076,1909f56bfc062723c751e8b465ee728b)
Start importing Assets/UnityTechnologies/StarterAsset/Art/Tiles/FloorGrassToBricksSquare_0.asset using Guid(7207364015a4f4dab836116c1933800a) Importer(815301076,1909f56bfc062723c751e8b465ee728b)  -> (artifact id: 'e8bc1dc2be83dc6343ac5d10cbcec246') in 0.863760 seconds 
  Import took 0.871410 seconds .

========================================================================
Received Import Request.
  Time since last request: 0.000219 seconds.
  path: Assets/UnityTechnologies/StarterAsset/Art/Tiles/FloorGrassToBricksSquare_3.asset
  artifactKey: Guid(a01484ba3f1e0406db186068a183487e) Importer(815301076,1909f56bfc062723c751e8b465ee728b)
Start importing Assets/UnityTechnologies/StarterAsset/Art/Tiles/FloorGrassToBricksSquare_3.asset using Guid(a01484ba3f1e0406db186068a183487e) Importer(815301076,1909f56bfc062723c751e8b465ee728b)  -> (artifact id: 'c4098658a226652f8fbe8da09f329de0') in 0.006662 seconds 
  Import took 0.010144 seconds .

========================================================================
Received Import Request.
  Time since last request: 0.000152 seconds.
  path: Assets/UnityTechnologies/StarterAsset/Art/Tiles/FloorGrassToBricksSquare_6.asset
  artifactKey: Guid(6b67ddeb23507499f9144e5e25109ffd) Importer(815301076,1909f56bfc062723c751e8b465ee728b)
Start importing Assets/UnityTechnologies/StarterAsset/Art/Tiles/FloorGrassToBricksSquare_6.asset using Guid(6b67ddeb23507499f9144e5e25109ffd) Importer(815301076,1909f56bfc062723c751e8b465ee728b)  -> (artifact id: '1f2bc754acb66d32434a4a4bd1dd7d6f') in 0.005314 seconds 
  Import took 0.008935 seconds .

========================================================================
Received Import Request.
  Time since last request: 0.000140 seconds.
  path: Assets/UnityTechnologies/StarterAsset/Art/Tiles/FloorGrassToBricksSquare_4.asset
  artifactKey: Guid(fa71456752306416b846c96fb4d37955) Importer(815301076,1909f56bfc062723c751e8b465ee728b)
Start importing Assets/UnityTechnologies/StarterAsset/Art/Tiles/FloorGrassToBricksSquare_4.asset using Guid(fa71456752306416b846c96fb4d37955) Importer(815301076,1909f56bfc062723c751e8b465ee728b)  -> (artifact id: 'b5ac684b4efa62376996d8bced4e5935') in 0.005378 seconds 
  Import took 0.009332 seconds .

========================================================================
Received Import Request.
  Time since last request: 0.000140 seconds.
  path: Assets/UnityTechnologies/StarterAsset/Art/Tiles/FloorGrassToBricksSquare_5.asset
  artifactKey: Guid(a26ab3ba3a8314e078207b068b73eca0) Importer(815301076,1909f56bfc062723c751e8b465ee728b)
Start importing Assets/UnityTechnologies/StarterAsset/Art/Tiles/FloorGrassToBricksSquare_5.asset using Guid(a26ab3ba3a8314e078207b068b73eca0) Importer(815301076,1909f56bfc062723c751e8b465ee728b)  -> (artifact id: '52971dee414bfa047ad65539a997e148') in 0.005215 seconds 
  Import took 0.009182 seconds .

========================================================================
Received Import Request.
  Time since last request: 0.000161 seconds.
  path: Assets/UnityTechnologies/StarterAsset/Art/Tiles/FloorGrassToBricksSquare_2.asset
  artifactKey: Guid(f91121dbd0dbd425d904dc1af60cafdc) Importer(815301076,1909f56bfc062723c751e8b465ee728b)
Start importing Assets/UnityTechnologies/StarterAsset/Art/Tiles/FloorGrassToBricksSquare_2.asset using Guid(f91121dbd0dbd425d904dc1af60cafdc) Importer(815301076,1909f56bfc062723c751e8b465ee728b)  -> (artifact id: '0e310a69ffb8008cf2fb4497e725622a') in 0.005268 seconds 
  Import took 0.008279 seconds .

========================================================================
Received Import Request.
  Time since last request: 0.000146 seconds.
  path: Assets/UnityTechnologies/StarterAsset/Art/Tiles/FloorGrassToBricksSquare_8.asset
  artifactKey: Guid(a300be04debb841e58d1209dc7066c09) Importer(815301076,1909f56bfc062723c751e8b465ee728b)
Start importing Assets/UnityTechnologies/StarterAsset/Art/Tiles/FloorGrassToBricksSquare_8.asset using Guid(a300be04debb841e58d1209dc7066c09) Importer(815301076,1909f56bfc062723c751e8b465ee728b)  -> (artifact id: '850b0baba0606cb49e048d30657dbbd9') in 0.004895 seconds 
  Import took 0.008086 seconds .

========================================================================
Received Import Request.
  Time since last request: 0.000147 seconds.
  path: Assets/UnityTechnologies/StarterAsset/Art/Tiles/FloorGrassToBricksSquare_1.asset
  artifactKey: Guid(4d0822e94415b46f594afbb1acc394e2) Importer(815301076,1909f56bfc062723c751e8b465ee728b)
Start importing Assets/UnityTechnologies/StarterAsset/Art/Tiles/FloorGrassToBricksSquare_1.asset using Guid(4d0822e94415b46f594afbb1acc394e2) Importer(815301076,1909f56bfc062723c751e8b465ee728b)  -> (artifact id: 'cff7742818b5ff7f2b30da7ad5c494ac') in 0.004618 seconds 
  Import took 0.008459 seconds .

========================================================================
Received Import Request.
  Time since last request: 0.000157 seconds.
  path: Assets/UnityTechnologies/StarterAsset/Art/Tiles/Tile1.asset
  artifactKey: Guid(7c2fc5d7d57f0461c83acd69ff131244) Importer(815301076,1909f56bfc062723c751e8b465ee728b)
Start importing Assets/UnityTechnologies/StarterAsset/Art/Tiles/Tile1.asset using Guid(7c2fc5d7d57f0461c83acd69ff131244) Importer(815301076,1909f56bfc062723c751e8b465ee728b)  -> (artifact id: '505e57871caf93bf6331088d6a531929') in 0.005351 seconds 
  Import took 0.008474 seconds .

========================================================================
Received Import Request.
  Time since last request: 0.000141 seconds.
  path: Assets/UnityTechnologies/StarterAsset/Art/Tiles/Tile2.asset
  artifactKey: Guid(baad74aae8a554f15a770538994a840f) Importer(815301076,1909f56bfc062723c751e8b465ee728b)
Start importing Assets/UnityTechnologies/StarterAsset/Art/Tiles/Tile2.asset using Guid(baad74aae8a554f15a770538994a840f) Importer(815301076,1909f56bfc062723c751e8b465ee728b)  -> (artifact id: 'b0e469d6f461320cafbcb4a2fe77c969') in 0.004734 seconds 
  Import took 0.007655 seconds .

========================================================================
Received Import Request.
  Time since last request: 0.000143 seconds.
  path: Assets/UnityTechnologies/StarterAsset/Art/Tiles/FloorGrassToBricksSquare_7.asset
  artifactKey: Guid(f49bcbb769d7a496bbf90a2245115a6e) Importer(815301076,1909f56bfc062723c751e8b465ee728b)
Start importing Assets/UnityTechnologies/StarterAsset/Art/Tiles/FloorGrassToBricksSquare_7.asset using Guid(f49bcbb769d7a496bbf90a2245115a6e) Importer(815301076,1909f56bfc062723c751e8b465ee728b)  -> (artifact id: '646b45d85015bd5979bb086d42d41fe4') in 0.005173 seconds 
  Import took 0.008390 seconds .

========================================================================
Received Prepare
Registering precompiled user dll's ...
Registered in 0.001444 seconds.
Begin MonoManager ReloadAssembly
Native extension for OSXStandalone target not found
Refreshing native plugins compatible for Editor in 0.46 ms, found 3 plugins.
Preloading 0 native plugins for Editor in 0.00 ms.
Mono: successfully reloaded assembly
- Completed reload, in  1.009 seconds
Domain Reload Profiling:
	ReloadAssembly (1009ms)
		BeginReloadAssembly (112ms)
			ExecutionOrderSort (0ms)
			DisableScriptedObjects (5ms)
			BackupInstance (0ms)
			ReleaseScriptingObjects (0ms)
			CreateAndSetChildDomain (54ms)
		EndReloadAssembly (843ms)
			LoadAssemblies (60ms)
			RebuildTransferFunctionScriptingTraits (0ms)
			SetupTypeCache (309ms)
			ReleaseScriptCaches (1ms)
			RebuildScriptCaches (45ms)
			SetupLoadedEditorAssemblies (312ms)
				LogAssemblyErrors (0ms)
				InitializePlatformSupportModulesInManaged (3ms)
				SetLoadedEditorAssemblies (1ms)
				RefreshPlugins (0ms)
				BeforeProcessingInitializeOnLoad (84ms)
				ProcessInitializeOnLoadAttributes (213ms)
				ProcessInitializeOnLoadMethodAttributes (9ms)
				AfterProcessingInitializeOnLoad (1ms)
				EditorAssembliesLoaded (0ms)
			ExecutionOrderSort2 (0ms)
			AwakeInstancesAfterBackupRestoration (8ms)
Platform modules already initialized, skipping
Refreshing native plugins compatible for Editor in 0.37 ms, found 3 plugins.
Preloading 0 native plugins for Editor in 0.00 ms.
Unloading 2525 Unused Serialized files (Serialized files now loaded: 0)
System memory in use before: 234.1 MB.
System memory in use after: 234.3 MB.

Unloading 19 unused Assets to reduce memory usage. Loaded Objects now: 3016.
Total: 2.497513 ms (FindLiveObjects: 0.161570 ms CreateObjectMapping: 0.093349 ms MarkObjects: 2.231413 ms  DeleteObjects: 0.010627 ms)

AssetImportParameters requested are different than current active one (requested -> active):
  custom:video-decoder-ogg-theora: a1e56fd34408186e4bbccfd4996cb3dc -> 
  custom:container-muxer-webm: aa71ff27fc2769a1b78a27578f13a17b -> 
  custom:container-demuxer-webm: 4f35f7cbe854078d1ac9338744f61a02 -> 
  custom:container-demuxer-ogg: 62fdf1f143b41e24485cea50d1cbac27 -> 
  custom:video-encoder-webm-vp8: eb34c28f22e8b96e1ab97ce403110664 -> 
  custom:framework-osx-AVFoundation: e770b220cccbd017edd2c1fefb359320 -> 
  custom:video-decoder-webm-vp8: 9c59270c3fd7afecdb556c50c9e8de78 -> 
  custom:audio-decoder-ogg-vorbis: bf7c407c2cedff20999df2af8eb42d56 -> 
  custom:audio-encoder-webm-vorbis: bf7c407c2cedff20999df2af8eb42d56 -> 
========================================================================
Received Import Request.
  Time since last request: 41.536570 seconds.
  path: Assets/Prefabs
  artifactKey: Guid(9a1247ec14e484cf38bef9a194c18774) Importer(815301076,1909f56bfc062723c751e8b465ee728b)
Start importing Assets/Prefabs using Guid(9a1247ec14e484cf38bef9a194c18774) Importer(815301076,1909f56bfc062723c751e8b465ee728b)  -> (artifact id: '3addfd40c641b5936e2b7059de81eddc') in 0.004786 seconds 
  Import took 0.007837 seconds .

========================================================================
Received Import Request.
  Time since last request: 2.791625 seconds.
  path: Assets/Prefabs/Decoration_7.prefab
  artifactKey: Guid(201bb588fdc7e43d79b924d9ccb3c21e) Importer(815301076,1909f56bfc062723c751e8b465ee728b)
Start importing Assets/Prefabs/Decoration_7.prefab using Guid(201bb588fdc7e43d79b924d9ccb3c21e) Importer(815301076,1909f56bfc062723c751e8b465ee728b)  -> (artifact id: 'c054370d2ff32113f2b66013a1a64f0c') in 0.264387 seconds 
  Import took 0.271537 seconds .

========================================================================
Received Import Request.
  Time since last request: 3.198555 seconds.
  path: Assets/Prefabs/Decoration_5.prefab
  artifactKey: Guid(30e414cab35aa4b21a63f50ef9cf6550) Importer(815301076,1909f56bfc062723c751e8b465ee728b)
Start importing Assets/Prefabs/Decoration_5.prefab using Guid(30e414cab35aa4b21a63f50ef9cf6550) Importer(815301076,1909f56bfc062723c751e8b465ee728b)  -> (artifact id: 'a6d80c0b0a98dea75493b571be87ebd8') in 0.007679 seconds 
  Import took 0.011071 seconds .

========================================================================
Received Import Request.
  Time since last request: 2.601884 seconds.
  path: Assets/Prefabs/Decoration_2.prefab
  artifactKey: Guid(10d682e430d1440e58f54782e44d8595) Importer(815301076,1909f56bfc062723c751e8b465ee728b)
Start importing Assets/Prefabs/Decoration_2.prefab using Guid(10d682e430d1440e58f54782e44d8595) Importer(815301076,1909f56bfc062723c751e8b465ee728b)  -> (artifact id: '78b5751e65609def86f7ea8f0ff23c50') in 0.007294 seconds 
  Import took 0.010811 seconds .

========================================================================
Received Import Request.
  Time since last request: 7.905068 seconds.
  path: Assets/Prefabs/PlayerCharacter.prefab
  artifactKey: Guid(a2afb2ffa9fac446084b20c8ece04a02) Importer(815301076,1909f56bfc062723c751e8b465ee728b)
Start importing Assets/Prefabs/PlayerCharacter.prefab using Guid(a2afb2ffa9fac446084b20c8ece04a02) Importer(815301076,1909f56bfc062723c751e8b465ee728b)  -> (artifact id: '85aaeb2776bba11f4ac11cc6d230f54f') in 0.009169 seconds 
  Import took 0.012639 seconds .

========================================================================
Received Prepare
Registering precompiled user dll's ...
Registered in 0.001682 seconds.
Begin MonoManager ReloadAssembly
Native extension for OSXStandalone target not found
Refreshing native plugins compatible for Editor in 0.46 ms, found 3 plugins.
Preloading 0 native plugins for Editor in 0.00 ms.
Mono: successfully reloaded assembly
- Completed reload, in  1.001 seconds
Domain Reload Profiling:
	ReloadAssembly (1001ms)
		BeginReloadAssembly (105ms)
			ExecutionOrderSort (0ms)
			DisableScriptedObjects (5ms)
			BackupInstance (0ms)
			ReleaseScriptingObjects (0ms)
			CreateAndSetChildDomain (53ms)
		EndReloadAssembly (842ms)
			LoadAssemblies (60ms)
			RebuildTransferFunctionScriptingTraits (0ms)
			SetupTypeCache (307ms)
			ReleaseScriptCaches (1ms)
			RebuildScriptCaches (45ms)
			SetupLoadedEditorAssemblies (312ms)
				LogAssemblyErrors (0ms)
				InitializePlatformSupportModulesInManaged (3ms)
				SetLoadedEditorAssemblies (0ms)
				RefreshPlugins (0ms)
				BeforeProcessingInitializeOnLoad (85ms)
				ProcessInitializeOnLoadAttributes (213ms)
				ProcessInitializeOnLoadMethodAttributes (9ms)
				AfterProcessingInitializeOnLoad (1ms)
				EditorAssembliesLoaded (0ms)
			ExecutionOrderSort2 (0ms)
			AwakeInstancesAfterBackupRestoration (8ms)
Platform modules already initialized, skipping
Refreshing native plugins compatible for Editor in 0.41 ms, found 3 plugins.
Preloading 0 native plugins for Editor in 0.00 ms.
Unloading 2525 Unused Serialized files (Serialized files now loaded: 0)
System memory in use before: 238.6 MB.
System memory in use after: 238.9 MB.

Unloading 18 unused Assets to reduce memory usage. Loaded Objects now: 3024.
Total: 2.600480 ms (FindLiveObjects: 0.200833 ms CreateObjectMapping: 0.127344 ms MarkObjects: 2.260382 ms  DeleteObjects: 0.011392 ms)

AssetImportParameters requested are different than current active one (requested -> active):
  custom:video-decoder-ogg-theora: a1e56fd34408186e4bbccfd4996cb3dc -> 
  custom:container-muxer-webm: aa71ff27fc2769a1b78a27578f13a17b -> 
  custom:container-demuxer-webm: 4f35f7cbe854078d1ac9338744f61a02 -> 
  custom:container-demuxer-ogg: 62fdf1f143b41e24485cea50d1cbac27 -> 
  custom:video-encoder-webm-vp8: eb34c28f22e8b96e1ab97ce403110664 -> 
  custom:framework-osx-AVFoundation: e770b220cccbd017edd2c1fefb359320 -> 
  custom:video-decoder-webm-vp8: 9c59270c3fd7afecdb556c50c9e8de78 -> 
  custom:audio-decoder-ogg-vorbis: bf7c407c2cedff20999df2af8eb42d56 -> 
  custom:audio-encoder-webm-vorbis: bf7c407c2cedff20999df2af8eb42d56 -> 
AssetImportWorkerClient::OnTransportError - code=2 error=End of file
